<?xml version="1.0" encoding="UTF-8"?>
<!-- Generated by org.testng.reporters.JUnitXMLReporter -->
<testsuite hostname="Abdul" ignored="0" name="Test" tests="5" failures="0" timestamp="01 Dec 2018 07:33:27 GMT" time="0.99" errors="0">
  <testcase name="login" time="0.007" classname="com.hybridFramework.HomePage.TestDataDriven"/>
  <testcase name="login" time="0.002" classname="com.hybridFramework.HomePage.TestDataDriven"/>
  <testcase name="login" time="0.005" classname="com.hybridFramework.HomePage.TestDataDriven"/>
  <testcase name="login" time="0.007" classname="com.hybridFramework.HomePage.TestDataDriven"/>
  <testcase name="login" time="0.002" classname="com.hybridFramework.HomePage.TestDataDriven"/>
</testsuite> <!-- Test -->
