<?xml version="1.0" encoding="UTF-8"?>
<testng-results skipped="0" failed="0" ignored="0" total="1" passed="1">
  <reporter-output>
  </reporter-output>
  <suite name="Default suite" duration-ms="10657" started-at="2018-12-23T08:44:18Z" finished-at="2018-12-23T08:44:28Z">
    <groups>
    </groups>
    <test name="Default test" duration-ms="10657" started-at="2018-12-23T08:44:18Z" finished-at="2018-12-23T08:44:28Z">
      <class name="com.hybridFramework.report.Sample">
        <test-method status="PASS" signature="launchBrowser()[pri:0, instance:com.hybridFramework.report.Sample@138dc9b]" name="launchBrowser" is-config="true" duration-ms="4716" started-at="2018-12-23T14:14:18Z" finished-at="2018-12-23T14:14:22Z">
          <reporter-output>
          </reporter-output>
        </test-method> <!-- launchBrowser -->
        <test-method status="PASS" signature="startReport(java.lang.reflect.Method)[pri:0, instance:com.hybridFramework.report.Sample@138dc9b]" name="startReport" is-config="true" duration-ms="6" started-at="2018-12-23T14:14:22Z" finished-at="2018-12-23T14:14:22Z">
          <params>
            <param index="0">
              <value>
                <![CDATA[public void com.hybridFramework.report.Sample.sample() throws java.lang.InterruptedException]]>
              </value>
            </param>
          </params>
          <reporter-output>
          </reporter-output>
        </test-method> <!-- startReport -->
        <test-method status="PASS" signature="sample()[pri:0, instance:com.hybridFramework.report.Sample@138dc9b]" name="sample" duration-ms="5282" started-at="2018-12-23T14:14:22Z" finished-at="2018-12-23T14:14:28Z">
          <reporter-output>
          </reporter-output>
        </test-method> <!-- sample -->
        <test-method status="PASS" signature="stopLog()[pri:0, instance:com.hybridFramework.report.Sample@138dc9b]" name="stopLog" is-config="true" duration-ms="394" started-at="2018-12-23T14:14:28Z" finished-at="2018-12-23T14:14:28Z">
          <reporter-output>
          </reporter-output>
        </test-method> <!-- stopLog -->
        <test-method status="PASS" signature="captureResult(org.testng.ITestResult)[pri:0, instance:com.hybridFramework.report.Sample@138dc9b]" name="captureResult" is-config="true" duration-ms="0" started-at="2018-12-23T14:14:28Z" finished-at="2018-12-23T14:14:28Z">
          <params>
            <param index="0">
              <value>
                <![CDATA[[TestResult name=sample status=SUCCESS method=Sample.sample()[pri:0, instance:com.hybridFramework.report.Sample@138dc9b] output={null}]]]>
              </value>
            </param>
          </params>
          <reporter-output>
          </reporter-output>
        </test-method> <!-- captureResult -->
        <test-method status="PASS" signature="closeBrowser()[pri:0, instance:com.hybridFramework.report.Sample@138dc9b]" name="closeBrowser" is-config="true" duration-ms="231" started-at="2018-12-23T14:14:28Z" finished-at="2018-12-23T14:14:28Z">
          <reporter-output>
          </reporter-output>
        </test-method> <!-- closeBrowser -->
      </class> <!-- com.hybridFramework.report.Sample -->
    </test> <!-- Default test -->
  </suite> <!-- Default suite -->
</testng-results>
